[2026-06-26 05:54:17] local.ERROR: SQLSTATE[22001]: String data, right truncated: 1406 Data too long for column 'status' at row 1 (Connection: mysql, Host: 127.0.0.1, Port: 3306, Database: wholesale, SQL: update `purchase_orders` set `status` = partially_received, `purchase_orders`.`updated_at` = 2026-06-26 05:54:17 where `id` = 1) {"exception":"[object] (Illuminate\\Database\\QueryException(code: 22001): SQLSTATE[22001]: String data, right truncated: 1406 Data too long for column 'status' at row 1 (Connection: mysql, Host: 127.0.0.1, Port: 3306, Database: wholesale, SQL: update `purchase_orders` set `status` = partially_received, `purchase_orders`.`updated_at` = 2026-06-26 05:54:17 where `id` = 1) at C:/Users/brock newgate/wholsale system/vendor/laravel/framework/src/Illuminate/Database/Connection.php:857)
[stacktrace]
#0 C:/Users/brock newgate/wholsale system/vendor/laravel/framework/src/Illuminate/Database/Connection.php(813): Illuminate/Database/Connection->runQueryCallback('update `purchas...', Array, Object(Closure))
#1 C:/Users/brock newgate/wholsale system/vendor/laravel/framework/src/Illuminate/Database/Connection.php(614): Illuminate/Database/Connection->run('update `purchas...', Array, Object(Closure))
#2 C:/Users/brock newgate/wholsale system/vendor/laravel/framework/src/Illuminate/Database/Connection.php(566): Illuminate/Database/Connection->affectingStatement('update `purchas...', Array)
#3 C:/Users/brock newgate/wholsale system/vendor/laravel/framework/src/Illuminate/Database/Query/Builder.php(4321): Illuminate/Database/Connection->update('update `purchas...', Array)
#4 C:/Users/brock newgate/wholsale system/vendor/laravel/framework/src/Illuminate/Database/Eloquent/Builder.php(1272): Illuminate/Database/Query/Builder->update(Object(Illuminate/Support/Collection))
#5 C:/Users/brock newgate/wholsale system/vendor/laravel/framework/src/Illuminate/Database/Eloquent/Model.php(1493): Illuminate/Database/Eloquent/Builder->update(Array)
#6 C:/Users/brock newgate/wholsale system/vendor/laravel/framework/src/Illuminate/Database/Eloquent/Model.php(1375): Illuminate/Database/Eloquent/Model->performUpdate(Object(Illuminate/Database/Eloquent/Builder))
#7 C:/Users/brock newgate/wholsale system/vendor/laravel/framework/src/Illuminate/Database/Eloquent/Model.php(1162): Illuminate/Database/Eloquent/Model->save(Array)
#8 C:/Users/brock newgate/wholsale system/app/Services/PurchaseService.php(161): Illuminate/Database/Eloquent/Model->update(Array)
#9 C:/Users/brock newgate/wholsale system/vendor/laravel/framework/src/Illuminate/Database/Concerns/ManagesTransactions.php(35): App/Services/PurchaseService->App/Services/{closure}(Object(Illuminate/Database/MySqlConnection))
#10 C:/Users/brock newgate/wholsale system/vendor/laravel/framework/src/Illuminate/Database/DatabaseManager.php(502): Illuminate/Database/Connection->transaction(Object(Closure))
#11 C:/Users/brock newgate/wholsale system/vendor/laravel/framework/src/Illuminate/Support/Facades/Facade.php(363): Illuminate/Database/DatabaseManager->__call('transaction', Array)
#12 C:/Users/brock newgate/wholsale system/app/Services/PurchaseService.php(90): Illuminate/Support/Facades/Facade::__callStatic('transaction', Array)
#13 C:/Users/brock newgate/wholsale system/database/seeders/SampleSuppliersSeeder.php(78): App/Services/PurchaseService->receive(Object(App/Models/PurchaseOrder), Array, 'Partial - shamp...', 1)
#14 C:/Users/brock newgate/wholsale system/vendor/laravel/framework/src/Illuminate/Container/BoundMethod.php(36): Database/Seeders/SampleSuppliersSeeder->run(Object(App/Services/PurchaseService), Object(App/Services/SupplierPaymentService))
#15 C:/Users/brock newgate/wholsale system/vendor/laravel/framework/src/Illuminate/Container/Util.php(43): Illuminate/Container/BoundMethod::Illuminate/Container/{closure}()
#16 C:/Users/brock newgate/wholsale system/vendor/laravel/framework/src/Illuminate/Container/BoundMethod.php(96): Illuminate/Container/Util::unwrapIfClosure(Object(Closure))
#17 C:/Users/brock newgate/wholsale system/vendor/laravel/framework/src/Illuminate/Container/BoundMethod.php(35): Illuminate/Container/BoundMethod::callBoundMethod(Object(Illuminate/Foundation/Application), Array, Object(Closure))
#18 C:/Users/brock newgate/wholsale system/vendor/laravel/framework/src/Illuminate/Container/Container.php(799): Illuminate/Container/BoundMethod::call(Object(Illuminate/Foundation/Application), Array, Array, NULL)
#19 C:/Users/brock newgate/wholsale system/vendor/laravel/framework/src/Illuminate/Database/Seeder.php(184): Illuminate/Container/Container->call(Array, Array)
#20 C:/Users/brock newgate/wholsale system/vendor/laravel/framework/src/Illuminate/Database/Seeder.php(191): Illuminate/Database/Seeder->Illuminate/Database/{closure}()
#21 C:/Users/brock newgate/wholsale system/vendor/laravel/framework/src/Illuminate/Database/Console/Seeds/SeedCommand.php(71): Illuminate/Database/Seeder->__invoke()
#22 C:/Users/brock newgate/wholsale system/vendor/laravel/framework/src/Illuminate/Database/Eloquent/Concerns/GuardsAttributes.php(185): Illuminate/Database/Console/Seeds/SeedCommand->Illuminate/Database/Console/Seeds/{closure}()
#23 C:/Users/brock newgate/wholsale system/vendor/laravel/framework/src/Illuminate/Database/Console/Seeds/SeedCommand.php(70): Illuminate/Database/Eloquent/Model::unguarded(Object(Closure))
#24 C:/Users/brock newgate/wholsale system/vendor/laravel/framework/src/Illuminate/Container/BoundMethod.php(36): Illuminate/Database/Console/Seeds/SeedCommand->handle()
#25 C:/Users/brock newgate/wholsale system/vendor/laravel/framework/src/Illuminate/Container/Util.php(43): Illuminate/Container/BoundMethod::Illuminate/Container/{closure}()
#26 C:/Users/brock newgate/wholsale system/vendor/laravel/framework/src/Illuminate/Container/BoundMethod.php(96): Illuminate/Container/Util::unwrapIfClosure(Object(Closure))
#27 C:/Users/brock newgate/wholsale system/vendor/laravel/framework/src/Illuminate/Container/BoundMethod.php(35): Illuminate/Container/BoundMethod::callBoundMethod(Object(Illuminate/Foundation/Application), Array, Object(Closure))
#28 C:/Users/brock newgate/wholsale system/vendor/laravel/framework/src/Illuminate/Container/Container.php(799): Illuminate/Container/BoundMethod::call(Object(Illuminate/Foundation/Application), Array, Array, NULL)
#29 C:/Users/brock newgate/wholsale system/vendor/laravel/framework/src/Illuminate/Console/Command.php(280): Illuminate/Container/Container->call(Array)
#30 C:/Users/brock newgate/wholsale system/vendor/symfony/console/Command/Command.php(341): Illuminate/Console/Command->execute(Object(Symfony/Component/Console/Input/ArgvInput), Object(Laravel/Pao/Laravel/PaoOutputStyle))
#31 C:/Users/brock newgate/wholsale system/vendor/laravel/framework/src/Illuminate/Console/Command.php(249): Symfony/Component/Console/Command/Command->run(Object(Symfony/Component/Console/Input/ArgvInput), Object(Laravel/Pao/Laravel/PaoOutputStyle))
#32 C:/Users/brock newgate/wholsale system/vendor/symfony/console/Application.php(1117): Illuminate/Console/Command->run(Object(Symfony/Component/Console/Input/ArgvInput), Object(Symfony/Component/Console/Output/ConsoleOutput))
#33 C:/Users/brock newgate/wholsale system/vendor/symfony/console/Application.php(356): Symfony/Component/Console/Application->doRunCommand(Object(Illuminate/Database/Console/Seeds/SeedCommand), Object(Symfony/Component/Console/Input/ArgvInput), Object(Symfony/Component/Console/Output/ConsoleOutput))
#34 C:/Users/brock newgate/wholsale system/vendor/symfony/console/Application.php(195): Symfony/Component/Console/Application->doRun(Object(Symfony/Component/Console/Input/ArgvInput), Object(Symfony/Component/Console/Output/ConsoleOutput))
#35 C:/Users/brock newgate/wholsale system/vendor/laravel/framework/src/Illuminate/Foundation/Console/Kernel.php(198): Symfony/Component/Console/Application->run(Object(Symfony/Component/Console/Input/ArgvInput), Object(Symfony/Component/Console/Output/ConsoleOutput))
#36 C:/Users/brock newgate/wholsale system/vendor/laravel/framework/src/Illuminate/Foundation/Application.php(1235): Illuminate/Foundation/Console/Kernel->handle(Object(Symfony/Component/Console/Input/ArgvInput), Object(Symfony/Component/Console/Output/ConsoleOutput))
#37 C:/Users/brock newgate/wholsale system/artisan(16): Illuminate/Foundation/Application->handleCommand(Object(Symfony/Component/Console/Input/ArgvInput))
#38 {main}

[previous exception] [object] (PDOException(code: 22001): SQLSTATE[22001]: String data, right truncated: 1406 Data too long for column 'status' at row 1 at C:/Users/brock newgate/wholsale system/vendor/laravel/framework/src/Illuminate/Database/Connection.php:626)
[stacktrace]
#0 C:/Users/brock newgate/wholsale system/vendor/laravel/framework/src/Illuminate/Database/Connection.php(626): PDOStatement->execute()
#1 C:/Users/brock newgate/wholsale system/vendor/laravel/framework/src/Illuminate/Database/Connection.php(846): Illuminate/Database/Connection->Illuminate/Database/{closure}('update `purchas...', Array)
#2 C:/Users/brock newgate/wholsale system/vendor/laravel/framework/src/Illuminate/Database/Connection.php(813): Illuminate/Database/Connection->runQueryCallback('update `purchas...', Array, Object(Closure))
#3 C:/Users/brock newgate/wholsale system/vendor/laravel/framework/src/Illuminate/Database/Connection.php(614): Illuminate/Database/Connection->run('update `purchas...', Array, Object(Closure))
#4 C:/Users/brock newgate/wholsale system/vendor/laravel/framework/src/Illuminate/Database/Connection.php(566): Illuminate/Database/Connection->affectingStatement('update `purchas...', Array)
#5 C:/Users/brock newgate/wholsale system/vendor/laravel/framework/src/Illuminate/Database/Query/Builder.php(4321): Illuminate/Database/Connection->update('update `purchas...', Array)
#6 C:/Users/brock newgate/wholsale system/vendor/laravel/framework/src/Illuminate/Database/Eloquent/Builder.php(1272): Illuminate/Database/Query/Builder->update(Object(Illuminate/Support/Collection))
#7 C:/Users/brock newgate/wholsale system/vendor/laravel/framework/src/Illuminate/Database/Eloquent/Model.php(1493): Illuminate/Database/Eloquent/Builder->update(Array)
#8 C:/Users/brock newgate/wholsale system/vendor/laravel/framework/src/Illuminate/Database/Eloquent/Model.php(1375): Illuminate/Database/Eloquent/Model->performUpdate(Object(Illuminate/Database/Eloquent/Builder))
#9 C:/Users/brock newgate/wholsale system/vendor/laravel/framework/src/Illuminate/Database/Eloquent/Model.php(1162): Illuminate/Database/Eloquent/Model->save(Array)
#10 C:/Users/brock newgate/wholsale system/app/Services/PurchaseService.php(161): Illuminate/Database/Eloquent/Model->update(Array)
#11 C:/Users/brock newgate/wholsale system/vendor/laravel/framework/src/Illuminate/Database/Concerns/ManagesTransactions.php(35): App/Services/PurchaseService->App/Services/{closure}(Object(Illuminate/Database/MySqlConnection))
#12 C:/Users/brock newgate/wholsale system/vendor/laravel/framework/src/Illuminate/Database/DatabaseManager.php(502): Illuminate/Database/Connection->transaction(Object(Closure))
#13 C:/Users/brock newgate/wholsale system/vendor/laravel/framework/src/Illuminate/Support/Facades/Facade.php(363): Illuminate/Database/DatabaseManager->__call('transaction', Array)
#14 C:/Users/brock newgate/wholsale system/app/Services/PurchaseService.php(90): Illuminate/Support/Facades/Facade::__callStatic('transaction', Array)
#15 C:/Users/brock newgate/wholsale system/database/seeders/SampleSuppliersSeeder.php(78): App/Services/PurchaseService->receive(Object(App/Models/PurchaseOrder), Array, 'Partial - shamp...', 1)
#16 C:/Users/brock newgate/wholsale system/vendor/laravel/framework/src/Illuminate/Container/BoundMethod.php(36): Database/Seeders/SampleSuppliersSeeder->run(Object(App/Services/PurchaseService), Object(App/Services/SupplierPaymentService))
#17 C:/Users/brock newgate/wholsale system/vendor/laravel/framework/src/Illuminate/Container/Util.php(43): Illuminate/Container/BoundMethod::Illuminate/Container/{closure}()
#18 C:/Users/brock newgate/wholsale system/vendor/laravel/framework/src/Illuminate/Container/BoundMethod.php(96): Illuminate/Container/Util::unwrapIfClosure(Object(Closure))
#19 C:/Users/brock newgate/wholsale system/vendor/laravel/framework/src/Illuminate/Container/BoundMethod.php(35): Illuminate/Container/BoundMethod::callBoundMethod(Object(Illuminate/Foundation/Application), Array, Object(Closure))
#20 C:/Users/brock newgate/wholsale system/vendor/laravel/framework/src/Illuminate/Container/Container.php(799): Illuminate/Container/BoundMethod::call(Object(Illuminate/Foundation/Application), Array, Array, NULL)
#21 C:/Users/brock newgate/wholsale system/vendor/laravel/framework/src/Illuminate/Database/Seeder.php(184): Illuminate/Container/Container->call(Array, Array)
#22 C:/Users/brock newgate/wholsale system/vendor/laravel/framework/src/Illuminate/Database/Seeder.php(191): Illuminate/Database/Seeder->Illuminate/Database/{closure}()
#23 C:/Users/brock newgate/wholsale system/vendor/laravel/framework/src/Illuminate/Database/Console/Seeds/SeedCommand.php(71): Illuminate/Database/Seeder->__invoke()
#24 C:/Users/brock newgate/wholsale system/vendor/laravel/framework/src/Illuminate/Database/Eloquent/Concerns/GuardsAttributes.php(185): Illuminate/Database/Console/Seeds/SeedCommand->Illuminate/Database/Console/Seeds/{closure}()
#25 C:/Users/brock newgate/wholsale system/vendor/laravel/framework/src/Illuminate/Database/Console/Seeds/SeedCommand.php(70): Illuminate/Database/Eloquent/Model::unguarded(Object(Closure))
#26 C:/Users/brock newgate/wholsale system/vendor/laravel/framework/src/Illuminate/Container/BoundMethod.php(36): Illuminate/Database/Console/Seeds/SeedCommand->handle()
#27 C:/Users/brock newgate/wholsale system/vendor/laravel/framework/src/Illuminate/Container/Util.php(43): Illuminate/Container/BoundMethod::Illuminate/Container/{closure}()
#28 C:/Users/brock newgate/wholsale system/vendor/laravel/framework/src/Illuminate/Container/BoundMethod.php(96): Illuminate/Container/Util::unwrapIfClosure(Object(Closure))
#29 C:/Users/brock newgate/wholsale system/vendor/laravel/framework/src/Illuminate/Container/BoundMethod.php(35): Illuminate/Container/BoundMethod::callBoundMethod(Object(Illuminate/Foundation/Application), Array, Object(Closure))
#30 C:/Users/brock newgate/wholsale system/vendor/laravel/framework/src/Illuminate/Container/Container.php(799): Illuminate/Container/BoundMethod::call(Object(Illuminate/Foundation/Application), Array, Array, NULL)
#31 C:/Users/brock newgate/wholsale system/vendor/laravel/framework/src/Illuminate/Console/Command.php(280): Illuminate/Container/Container->call(Array)
#32 C:/Users/brock newgate/wholsale system/vendor/symfony/console/Command/Command.php(341): Illuminate/Console/Command->execute(Object(Symfony/Component/Console/Input/ArgvInput), Object(Laravel/Pao/Laravel/PaoOutputStyle))
#33 C:/Users/brock newgate/wholsale system/vendor/laravel/framework/src/Illuminate/Console/Command.php(249): Symfony/Component/Console/Command/Command->run(Object(Symfony/Component/Console/Input/ArgvInput), Object(Laravel/Pao/Laravel/PaoOutputStyle))
#34 C:/Users/brock newgate/wholsale system/vendor/symfony/console/Application.php(1117): Illuminate/Console/Command->run(Object(Symfony/Component/Console/Input/ArgvInput), Object(Symfony/Component/Console/Output/ConsoleOutput))
#35 C:/Users/brock newgate/wholsale system/vendor/symfony/console/Application.php(356): Symfony/Component/Console/Application->doRunCommand(Object(Illuminate/Database/Console/Seeds/SeedCommand), Object(Symfony/Component/Console/Input/ArgvInput), Object(Symfony/Component/Console/Output/ConsoleOutput))
#36 C:/Users/brock newgate/wholsale system/vendor/symfony/console/Application.php(195): Symfony/Component/Console/Application->doRun(Object(Symfony/Component/Console/Input/ArgvInput), Object(Symfony/Component/Console/Output/ConsoleOutput))
#37 C:/Users/brock newgate/wholsale system/vendor/laravel/framework/src/Illuminate/Foundation/Console/Kernel.php(198): Symfony/Component/Console/Application->run(Object(Symfony/Component/Console/Input/ArgvInput), Object(Symfony/Component/Console/Output/ConsoleOutput))
#38 C:/Users/brock newgate/wholsale system/vendor/laravel/framework/src/Illuminate/Foundation/Application.php(1235): Illuminate/Foundation/Console/Kernel->handle(Object(Symfony/Component/Console/Input/ArgvInput), Object(Symfony/Component/Console/Output/ConsoleOutput))
#39 C:/Users/brock newgate/wholsale system/artisan(16): Illuminate/Foundation/Application->handleCommand(Object(Symfony/Component/Console/Input/ArgvInput))
#40 {main}
"} 
[2026-06-26 09:20:30] local.ERROR: Maximum execution time of 30 seconds exceeded {"exception":"[object] (Symfony\\Component\\ErrorHandler\\Error\\FatalError(code: 0): Maximum execution time of 30 seconds exceeded at C:/Users/brock newgate/wholsale system/vendor/laravel/framework/src/Illuminate/Routing/Matching/MethodValidator.php:8)
[stacktrace]
#0 {main}
"} 
[2026-06-27 07:49:55] local.ERROR: Maximum execution time of 30 seconds exceeded {"exception":"[object] (Symfony\\Component\\ErrorHandler\\Error\\FatalError(code: 0): Maximum execution time of 30 seconds exceeded at C:/Users/brock newgate/wholsale system/vendor/laravel/framework/src/Illuminate/Database/Query/Processors/MySqlProcessor.php:7)
[stacktrace]
#0 {main}
"} 
[2026-06-27 07:50:16] local.ERROR: Class "Illuminate\Database\Query\Processors\MySqlProcessor" not found {"exception":"[object] (Error(code: 0): Class \"Illuminate\\Database\\Query\\Processors\\MySqlProcessor\" not found at C:/Users/brock newgate/wholsale system/vendor/laravel/framework/src/Illuminate/Database/MySqlConnection.php:187)
[stacktrace]
#0 C:/Users/brock newgate/wholsale system/vendor/laravel/framework/src/Illuminate/Database/Connection.php(310): Illuminate/Database/MySqlConnection->getDefaultPostProcessor()
#1 C:/Users/brock newgate/wholsale system/vendor/laravel/framework/src/Illuminate/Database/Connection.php(260): Illuminate/Database/Connection->useDefaultPostProcessor()
#2 C:/Users/brock newgate/wholsale system/vendor/laravel/framework/src/Illuminate/Database/Connectors/ConnectionFactory.php(309): Illuminate/Database/Connection->__construct(Object(Closure), 'wholesale', '', Array)
#3 C:/Users/brock newgate/wholsale system/vendor/laravel/framework/src/Illuminate/Database/Connectors/ConnectionFactory.php(82): Illuminate/Database/Connectors/ConnectionFactory->createConnection('mysql', Object(Closure), 'wholesale', '', Array)
#4 C:/Users/brock newgate/wholsale system/vendor/laravel/framework/src/Illuminate/Database/Connectors/ConnectionFactory.php(57): Illuminate/Database/Connectors/ConnectionFactory->createSingleConnection(Array)
#5 C:/Users/brock newgate/wholsale system/vendor/laravel/framework/src/Illuminate/Database/DatabaseManager.php(208): Illuminate/Database/Connectors/ConnectionFactory->make(Array, 'mysql')
#6 C:/Users/brock newgate/wholsale system/vendor/laravel/framework/src/Illuminate/Database/DatabaseManager.php(103): Illuminate/Database/DatabaseManager->makeConnection('mysql')
#7 C:/Users/brock newgate/wholsale system/vendor/laravel/framework/src/Illuminate/Session/SessionManager.php(110): Illuminate/Database/DatabaseManager->connection('mysql')
#8 C:/Users/brock newgate/wholsale system/vendor/laravel/framework/src/Illuminate/Session/SessionManager.php(97): Illuminate/Session/SessionManager->getDatabaseConnection()
#9 C:/Users/brock newgate/wholsale system/vendor/laravel/framework/src/Illuminate/Support/Manager.php(105): Illuminate/Session/SessionManager->createDatabaseDriver()
#10 C:/Users/brock newgate/wholsale system/vendor/laravel/framework/src/Illuminate/Support/Manager.php(82): Illuminate/Support/Manager->createDriver('database')
#11 C:/Users/brock newgate/wholsale system/vendor/laravel/framework/src/Illuminate/Session/SessionServiceProvider.php(52): Illuminate/Support/Manager->driver()
#12 C:/Users/brock newgate/wholsale system/vendor/laravel/framework/src/Illuminate/Container/Container.php(1118): Illuminate/Session/SessionServiceProvider->Illuminate/Session/{closure}(Object(Illuminate/Foundation/Application), Array)
#13 C:/Users/brock newgate/wholsale system/vendor/laravel/framework/src/Illuminate/Container/Container.php(936): Illuminate/Container/Container->build(Object(Closure))
#14 C:/Users/brock newgate/wholsale system/vendor/laravel/framework/src/Illuminate/Foundation/Application.php(1078): Illuminate/Container/Container->resolve('session.store', Array, true)
#15 C:/Users/brock newgate/wholsale system/vendor/laravel/framework/src/Illuminate/Container/Container.php(864): Illuminate/Foundation/Application->resolve('session.store', Array)
#16 C:/Users/brock newgate/wholsale system/vendor/laravel/framework/src/Illuminate/Foundation/Application.php(1058): Illuminate/Container/Container->make('session.store', Array)
#17 C:/Users/brock newgate/wholsale system/vendor/laravel/framework/src/Illuminate/Container/Container.php(1810): Illuminate/Foundation/Application->make('session.store')
#18 C:/Users/brock newgate/wholsale system/vendor/laravel/framework/src/Illuminate/Routing/RoutingServiceProvider.php(121): Illuminate/Container/Container->offsetGet('session.store')
#19 C:/Users/brock newgate/wholsale system/vendor/laravel/framework/src/Illuminate/Container/Container.php(1118): Illuminate/Routing/RoutingServiceProvider->Illuminate/Routing/{closure}(Object(Illuminate/Foundation/Application), Array)
#20 C:/Users/brock newgate/wholsale system/vendor/laravel/framework/src/Illuminate/Container/Container.php(936): Illuminate/Container/Container->build(Object(Closure))
#21 C:/Users/brock newgate/wholsale system/vendor/laravel/framework/src/Illuminate/Foundation/Application.php(1078): Illuminate/Container/Container->resolve('redirect', Array, true)
#22 C:/Users/brock newgate/wholsale system/vendor/laravel/framework/src/Illuminate/Container/Container.php(864): Illuminate/Foundation/Application->resolve('redirect', Array)
#23 C:/Users/brock newgate/wholsale system/vendor/laravel/framework/src/Illuminate/Foundation/Application.php(1058): Illuminate/Container/Container->make('redirect', Array)
#24 C:/Users/brock newgate/wholsale system/vendor/laravel/framework/src/Illuminate/Container/Container.php(1810): Illuminate/Foundation/Application->make('redirect')
#25 C:/Users/brock newgate/wholsale system/vendor/laravel/framework/src/Illuminate/Routing/RoutingServiceProvider.php(181): Illuminate/Container/Container->offsetGet('redirect')
#26 C:/Users/brock newgate/wholsale system/vendor/laravel/framework/src/Illuminate/Container/Container.php(1118): Illuminate/Routing/RoutingServiceProvider->Illuminate/Routing/{closure}(Object(Illuminate/Foundation/Application), Array)
#27 C:/Users/brock newgate/wholsale system/vendor/laravel/framework/src/Illuminate/Container/Container.php(936): Illuminate/Container/Container->build(Object(Closure))
#28 C:/Users/brock newgate/wholsale system/vendor/laravel/framework/src/Illuminate/Foundation/Application.php(1078): Illuminate/Container/Container->resolve('Illuminate//Cont...', Array, true)
#29 C:/Users/brock newgate/wholsale system/vendor/laravel/framework/src/Illuminate/Container/Container.php(864): Illuminate/Foundation/Application->resolve('Illuminate//Cont...', Array)
#30 C:/Users/brock newgate/wholsale system/vendor/laravel/framework/src/Illuminate/Foundation/Application.php(1058): Illuminate/Container/Container->make('Illuminate//Cont...', Array)
#31 C:/Users/brock newgate/wholsale system/vendor/laravel/framework/src/Illuminate/Foundation/helpers.php(138): Illuminate/Foundation/Application->make('Illuminate//Cont...', Array)
#32 C:/Users/brock newgate/wholsale system/vendor/laravel/framework/src/Illuminate/Foundation/helpers.php(850): app('Illuminate//Cont...')
#33 C:/Users/brock newgate/wholsale system/vendor/laravel/framework/src/Illuminate/Foundation/Exceptions/Handler.php(1098): response('<!DOCTYPE html>...', 500, Array)
#34 C:/Users/brock newgate/wholsale system/vendor/laravel/framework/src/Illuminate/Foundation/Exceptions/Handler.php(948): Illuminate/Foundation/Exceptions/Handler->toIlluminateResponse(Object(Symfony/Component/HttpFoundation/Response), Object(Symfony/Component/ErrorHandler/Error/FatalError))
#35 C:/Users/brock newgate/wholsale system/vendor/laravel/framework/src/Illuminate/Foundation/Exceptions/Handler.php(839): Illuminate/Foundation/Exceptions/Handler->prepareResponse(Object(Illuminate/Http/Request), Object(Symfony/Component/ErrorHandler/Error/FatalError))
#36 C:/Users/brock newgate/wholsale system/vendor/laravel/framework/src/Illuminate/Foundation/Exceptions/Handler.php(726): Illuminate/Foundation/Exceptions/Handler->renderExceptionResponse(Object(Illuminate/Http/Request), Object(Symfony/Component/ErrorHandler/Error/FatalError))
#37 C:/Users/brock newgate/wholsale system/vendor/laravel/framework/src/Illuminate/Foundation/Bootstrap/HandleExceptions.php(226): Illuminate/Foundation/Exceptions/Handler->render(Object(Illuminate/Http/Request), Object(Symfony/Component/ErrorHandler/Error/FatalError))
#38 C:/Users/brock newgate/wholsale system/vendor/laravel/framework/src/Illuminate/Foundation/Bootstrap/HandleExceptions.php(203): Illuminate/Foundation/Bootstrap/HandleExceptions->renderHttpResponse(Object(Symfony/Component/ErrorHandler/Error/FatalError))
#39 C:/Users/brock newgate/wholsale system/vendor/laravel/framework/src/Illuminate/Foundation/Bootstrap/HandleExceptions.php(239): Illuminate/Foundation/Bootstrap/HandleExceptions->handleException(Object(Symfony/Component/ErrorHandler/Error/FatalError))
#40 C:/Users/brock newgate/wholsale system/vendor/laravel/framework/src/Illuminate/Foundation/Bootstrap/HandleExceptions.php(263): Illuminate/Foundation/Bootstrap/HandleExceptions->handleShutdown()
#41 [internal function]: Illuminate/Foundation/Bootstrap/HandleExceptions->Illuminate/Foundation/Bootstrap/{closure}()
#42 {main}
"} 
[2026-06-27 08:20:28] local.ERROR: Maximum execution time of 30 seconds exceeded {"exception":"[object] (Symfony\\Component\\ErrorHandler\\Error\\FatalError(code: 0): Maximum execution time of 30 seconds exceeded at C:/Users/brock newgate/wholsale system/vendor/composer/ClassLoader.php:429)
[stacktrace]
#0 {main}
"} 
[2026-06-27 08:20:28] local.ERROR: Maximum execution time of 30 seconds exceeded {"exception":"[object] (Symfony\\Component\\ErrorHandler\\Error\\FatalError(code: 0): Maximum execution time of 30 seconds exceeded at C:/Users/brock newgate/wholsale system/vendor/composer/ClassLoader.php:429)
[stacktrace]
#0 {main}
"} 
[2026-06-27 10:18:49] local.ERROR: The "--columns" option does not exist. {"exception":"[object] (Symfony\\Component\\Console\\Exception\\RuntimeException(code: 0): The \"--columns\" option does not exist. at C:/Users/brock newgate/wholsale system/vendor/symfony/console/Input/ArgvInput.php:226)
[stacktrace]
#0 C:/Users/brock newgate/wholsale system/vendor/symfony/console/Input/ArgvInput.php(153): Symfony/Component/Console/Input/ArgvInput->addLongOption('columns', 'method,uri,name')
#1 C:/Users/brock newgate/wholsale system/vendor/symfony/console/Input/ArgvInput.php(88): Symfony/Component/Console/Input/ArgvInput->parseLongOption('--columns=metho...')
#2 C:/Users/brock newgate/wholsale system/vendor/symfony/console/Input/ArgvInput.php(77): Symfony/Component/Console/Input/ArgvInput->parseToken('--columns=metho...', true)
#3 C:/Users/brock newgate/wholsale system/vendor/symfony/console/Input/Input.php(53): Symfony/Component/Console/Input/ArgvInput->parse()
#4 C:/Users/brock newgate/wholsale system/vendor/symfony/console/Command/Command.php(295): Symfony/Component/Console/Input/Input->bind(Object(Symfony/Component/Console/Input/InputDefinition))
#5 C:/Users/brock newgate/wholsale system/vendor/laravel/framework/src/Illuminate/Console/Command.php(249): Symfony/Component/Console/Command/Command->run(Object(Symfony/Component/Console/Input/ArgvInput), Object(Laravel/Pao/Laravel/PaoOutputStyle))
#6 C:/Users/brock newgate/wholsale system/vendor/symfony/console/Application.php(1117): Illuminate/Console/Command->run(Object(Symfony/Component/Console/Input/ArgvInput), Object(Symfony/Component/Console/Output/ConsoleOutput))
#7 C:/Users/brock newgate/wholsale system/vendor/symfony/console/Application.php(356): Symfony/Component/Console/Application->doRunCommand(Object(Illuminate/Foundation/Console/RouteListCommand), Object(Symfony/Component/Console/Input/ArgvInput), Object(Symfony/Component/Console/Output/ConsoleOutput))
#8 C:/Users/brock newgate/wholsale system/vendor/symfony/console/Application.php(195): Symfony/Component/Console/Application->doRun(Object(Symfony/Component/Console/Input/ArgvInput), Object(Symfony/Component/Console/Output/ConsoleOutput))
#9 C:/Users/brock newgate/wholsale system/vendor/laravel/framework/src/Illuminate/Foundation/Console/Kernel.php(198): Symfony/Component/Console/Application->run(Object(Symfony/Component/Console/Input/ArgvInput), Object(Symfony/Component/Console/Output/ConsoleOutput))
#10 C:/Users/brock newgate/wholsale system/vendor/laravel/framework/src/Illuminate/Foundation/Application.php(1235): Illuminate/Foundation/Console/Kernel->handle(Object(Symfony/Component/Console/Input/ArgvInput), Object(Symfony/Component/Console/Output/ConsoleOutput))
#11 C:/Users/brock newgate/wholsale system/artisan(16): Illuminate/Foundation/Application->handleCommand(Object(Symfony/Component/Console/Input/ArgvInput))
#12 {main}
"} 
